Using pre-set license
Built from '2020.3/staging' branch; Version is '2020.3.0f1 (c7b5465681fb) revision 13088070'; Using compiler version '192528614'; Build Type 'Release'
OS: 'Windows 10 Pro; OS build 19042.1202; Version 2009; 64bit' Language: 'tr' Physical Memory: 16250 MB
BatchMode: 1, IsHumanControllingUs: 0, StartBugReporterOnCrash: 0, Is64bit: 1, IsPro: 0

 COMMAND LINE ARGUMENTS:
C:\Program Files\Unity\Hub\Editor\2020.3.0f1\Editor\Unity.exe
-adb2
-batchMode
-noUpm
-name
AssetImportWorker0
-projectPath
C:/Users/ozgur/Desktop/ArrowDemo
-logFile
Logs/AssetImportWorker0.log
-srvPort
58024
Successfully changed project path to: C:/Users/ozgur/Desktop/ArrowDemo
C:/Users/ozgur/Desktop/ArrowDemo
Using Asset Import Pipeline V2.
Refreshing native plugins compatible for Editor in 59.70 ms, found 0 plugins.
Preloading 0 native plugins for Editor in 0.00 ms.
Initialize engine version: 2020.3.0f1 (c7b5465681fb)
[Subsystems] Discovering subsystems at path C:/Program Files/Unity/Hub/Editor/2020.3.0f1/Editor/Data/Resources/UnitySubsystems
[Subsystems] Discovering subsystems at path C:/Users/ozgur/Desktop/ArrowDemo/Assets
GfxDevice: creating device client; threaded=0
Direct3D:
    Version:  Direct3D 11.0 [level 11.1]
    Renderer: NVIDIA GeForce GTX 1050 Ti (ID=0x1c8c)
    Vendor:   
    VRAM:     4019 MB
    Driver:   30.0.14.7196
Shader 'Universal Render Pipeline/Particles/Lit': fallback shader 'Universal Render Pipeline/Particles/SimpleLit' not found
Initialize mono
Mono path[0] = 'C:/Program Files/Unity/Hub/Editor/2020.3.0f1/Editor/Data/Managed'
Mono path[1] = 'C:/Program Files/Unity/Hub/Editor/2020.3.0f1/Editor/Data/MonoBleedingEdge/lib/mono/unityjit'
Mono config path = 'C:/Program Files/Unity/Hub/Editor/2020.3.0f1/Editor/Data/MonoBleedingEdge/etc'
Using monoOptions --debugger-agent=transport=dt_socket,embedding=1,server=y,suspend=n,address=127.0.0.1:56364
Begin MonoManager ReloadAssembly
Registering precompiled unity dll's ...
Register platform support module: C:/Program Files/Unity/Hub/Editor/2020.3.0f1/Editor/Data/PlaybackEngines/WindowsStandaloneSupport/UnityEditor.WindowsStandalone.Extensions.dll
Registered in 0.002252 seconds.
Native extension for WindowsStandalone target not found
Refreshing native plugins compatible for Editor in 49.96 ms, found 0 plugins.
Preloading 0 native plugins for Editor in 0.00 ms.
Invoked RoslynAnalysisRunner static constructor.
RoslynAnalysisRunner will not be running.
RoslynAnalysisRunner has terminated.
Mono: successfully reloaded assembly
- Completed reload, in  1.622 seconds
Platform modules already initialized, skipping
Registering precompiled user dll's ...
Registered in 0.002898 seconds.
Begin MonoManager ReloadAssembly
Native extension for WindowsStandalone target not found
Refreshing native plugins compatible for Editor in 123.03 ms, found 0 plugins.
Preloading 0 native plugins for Editor in 0.00 ms.
Invoked RoslynAnalysisRunner static constructor.
RoslynAnalysisRunner will not be running.
RoslynAnalysisRunner has terminated.
Mono: successfully reloaded assembly
- Completed reload, in  3.296 seconds
Platform modules already initialized, skipping
========================================================================
Worker process is ready to serve import requests
Shader 'Universal Render Pipeline/Particles/Lit': fallback shader 'Universal Render Pipeline/Particles/SimpleLit' not found
Launched and connected shader compiler UnityShaderCompiler.exe after 0.15 seconds
Refreshing native plugins compatible for Editor in 0.80 ms, found 0 plugins.
Preloading 0 native plugins for Editor in 0.00 ms.
Unloading 2433 Unused Serialized files (Serialized files now loaded: 0)
System memory in use before: 110.8 MB.
System memory in use after: 111.0 MB.

Unloading 13 unused Assets to reduce memory usage. Loaded Objects now: 2879.
Total: 4.085800 ms (FindLiveObjects: 0.572500 ms CreateObjectMapping: 0.290600 ms MarkObjects: 3.102000 ms  DeleteObjects: 0.119000 ms)

========================================================================
Received Import Request.
  path: Assets/Scripts/LevelManager.cs
  artifactKey: Guid(fe0bdf3ed6f44634a9772c4ad90e9bfc) Importer(815301076,1909f56bfc062723c751e8b465ee728b)
Start importing Assets/Scripts/LevelManager.cs using Guid(fe0bdf3ed6f44634a9772c4ad90e9bfc) Importer(815301076,1909f56bfc062723c751e8b465ee728b)  -> (artifact id: 'd8a4cc8fc2c76f575bd9ef384bdac27e') in 0.044515 seconds
  Import took 0.050791 seconds .

========================================================================
Received Prepare
Registering precompiled user dll's ...
Registered in 0.002684 seconds.
Begin MonoManager ReloadAssembly
Native extension for WindowsStandalone target not found
Refreshing native plugins compatible for Editor in 0.66 ms, found 0 plugins.
Preloading 0 native plugins for Editor in 0.00 ms.
Invoked RoslynAnalysisRunner static constructor.
RoslynAnalysisRunner will not be running.
RoslynAnalysisRunner has terminated.
Mono: successfully reloaded assembly
- Completed reload, in  1.219 seconds
Platform modules already initialized, skipping
Shader 'Universal Render Pipeline/Particles/Lit': fallback shader 'Universal Render Pipeline/Particles/SimpleLit' not found
Refreshing native plugins compatible for Editor in 0.42 ms, found 0 plugins.
Preloading 0 native plugins for Editor in 0.00 ms.
Unloading 2360 Unused Serialized files (Serialized files now loaded: 0)
System memory in use before: 105.5 MB.
System memory in use after: 105.7 MB.

Unloading 8 unused Assets to reduce memory usage. Loaded Objects now: 2882.
Total: 3.338200 ms (FindLiveObjects: 0.367600 ms CreateObjectMapping: 0.183400 ms MarkObjects: 2.708200 ms  DeleteObjects: 0.076800 ms)

========================================================================
Received Prepare
Registering precompiled user dll's ...
Registered in 0.002849 seconds.
Begin MonoManager ReloadAssembly
Native extension for WindowsStandalone target not found
Refreshing native plugins compatible for Editor in 0.41 ms, found 0 plugins.
Preloading 0 native plugins for Editor in 0.00 ms.
Invoked RoslynAnalysisRunner static constructor.
RoslynAnalysisRunner will not be running.
RoslynAnalysisRunner has terminated.
Mono: successfully reloaded assembly
- Completed reload, in  0.968 seconds
Platform modules already initialized, skipping
Shader 'Universal Render Pipeline/Particles/Lit': fallback shader 'Universal Render Pipeline/Particles/SimpleLit' not found
Refreshing native plugins compatible for Editor in 0.44 ms, found 0 plugins.
Preloading 0 native plugins for Editor in 0.00 ms.
Unloading 2360 Unused Serialized files (Serialized files now loaded: 0)
System memory in use before: 105.6 MB.
System memory in use after: 105.8 MB.

Unloading 8 unused Assets to reduce memory usage. Loaded Objects now: 2885.
Total: 3.243400 ms (FindLiveObjects: 0.421100 ms CreateObjectMapping: 0.200900 ms MarkObjects: 2.531100 ms  DeleteObjects: 0.088900 ms)

========================================================================
Received Prepare
Registering precompiled user dll's ...
Registered in 0.002618 seconds.
Begin MonoManager ReloadAssembly
Native extension for WindowsStandalone target not found
Refreshing native plugins compatible for Editor in 0.40 ms, found 0 plugins.
Preloading 0 native plugins for Editor in 0.00 ms.
Invoked RoslynAnalysisRunner static constructor.
RoslynAnalysisRunner will not be running.
RoslynAnalysisRunner has terminated.
Mono: successfully reloaded assembly
- Completed reload, in  0.976 seconds
Platform modules already initialized, skipping
Shader 'Universal Render Pipeline/Particles/Lit': fallback shader 'Universal Render Pipeline/Particles/SimpleLit' not found
Refreshing native plugins compatible for Editor in 0.41 ms, found 0 plugins.
Preloading 0 native plugins for Editor in 0.00 ms.
Unloading 2360 Unused Serialized files (Serialized files now loaded: 0)
System memory in use before: 105.6 MB.
System memory in use after: 105.8 MB.

Unloading 8 unused Assets to reduce memory usage. Loaded Objects now: 2888.
Total: 3.561400 ms (FindLiveObjects: 0.309200 ms CreateObjectMapping: 0.162400 ms MarkObjects: 3.010500 ms  DeleteObjects: 0.077800 ms)

========================================================================
Received Prepare
Registering precompiled user dll's ...
Registered in 0.002551 seconds.
Begin MonoManager ReloadAssembly
Native extension for WindowsStandalone target not found
Refreshing native plugins compatible for Editor in 0.41 ms, found 0 plugins.
Preloading 0 native plugins for Editor in 0.00 ms.
Invoked RoslynAnalysisRunner static constructor.
RoslynAnalysisRunner will not be running.
RoslynAnalysisRunner has terminated.
Mono: successfully reloaded assembly
- Completed reload, in  1.040 seconds
Platform modules already initialized, skipping
Shader 'Universal Render Pipeline/Particles/Lit': fallback shader 'Universal Render Pipeline/Particles/SimpleLit' not found
Refreshing native plugins compatible for Editor in 0.46 ms, found 0 plugins.
Preloading 0 native plugins for Editor in 0.00 ms.
Unloading 2360 Unused Serialized files (Serialized files now loaded: 0)
System memory in use before: 105.6 MB.
System memory in use after: 105.8 MB.

Unloading 8 unused Assets to reduce memory usage. Loaded Objects now: 2891.
Total: 3.383900 ms (FindLiveObjects: 0.568400 ms CreateObjectMapping: 0.134900 ms MarkObjects: 2.537900 ms  DeleteObjects: 0.140500 ms)

========================================================================
Received Import Request.
  Time since last request: 480.930477 seconds.
  path: Assets/Scripts/LevelManager.cs
  artifactKey: Guid(fe0bdf3ed6f44634a9772c4ad90e9bfc) Importer(815301076,1909f56bfc062723c751e8b465ee728b)
Start importing Assets/Scripts/LevelManager.cs using Guid(fe0bdf3ed6f44634a9772c4ad90e9bfc) Importer(815301076,1909f56bfc062723c751e8b465ee728b)  -> (artifact id: '2d8b2f60da5e1fb813c7138ac6890c6d') in 0.015414 seconds
  Import took 0.020499 seconds .

========================================================================
Received Import Request.
  Time since last request: 2.414546 seconds.
  path: Assets/Scripts/LevelManager.cs
  artifactKey: Guid(fe0bdf3ed6f44634a9772c4ad90e9bfc) Importer(815301076,1909f56bfc062723c751e8b465ee728b)
Start importing Assets/Scripts/LevelManager.cs using Guid(fe0bdf3ed6f44634a9772c4ad90e9bfc) Importer(815301076,1909f56bfc062723c751e8b465ee728b)  -> (artifact id: '2d8b2f60da5e1fb813c7138ac6890c6d') in 0.004860 seconds
  Import took 0.009303 seconds .

========================================================================
Received Prepare
Registering precompiled user dll's ...
Registered in 0.003784 seconds.
Begin MonoManager ReloadAssembly
Native extension for WindowsStandalone target not found
Refreshing native plugins compatible for Editor in 0.41 ms, found 0 plugins.
Preloading 0 native plugins for Editor in 0.00 ms.
Invoked RoslynAnalysisRunner static constructor.
RoslynAnalysisRunner will not be running.
RoslynAnalysisRunner has terminated.
Mono: successfully reloaded assembly
- Completed reload, in  1.130 seconds
Platform modules already initialized, skipping
Shader 'Universal Render Pipeline/Particles/Lit': fallback shader 'Universal Render Pipeline/Particles/SimpleLit' not found
Refreshing native plugins compatible for Editor in 0.94 ms, found 0 plugins.
Preloading 0 native plugins for Editor in 0.00 ms.
Unloading 2360 Unused Serialized files (Serialized files now loaded: 0)
System memory in use before: 105.5 MB.
System memory in use after: 105.7 MB.

Unloading 8 unused Assets to reduce memory usage. Loaded Objects now: 2894.
Total: 5.532100 ms (FindLiveObjects: 0.537200 ms CreateObjectMapping: 0.452500 ms MarkObjects: 4.437300 ms  DeleteObjects: 0.102900 ms)

========================================================================
Received Prepare
Registering precompiled user dll's ...
Registered in 0.002599 seconds.
Begin MonoManager ReloadAssembly
Native extension for WindowsStandalone target not found
Refreshing native plugins compatible for Editor in 0.63 ms, found 0 plugins.
Preloading 0 native plugins for Editor in 0.00 ms.
Invoked RoslynAnalysisRunner static constructor.
RoslynAnalysisRunner will not be running.
RoslynAnalysisRunner has terminated.
Mono: successfully reloaded assembly
- Completed reload, in  1.160 seconds
Platform modules already initialized, skipping
Shader 'Universal Render Pipeline/Particles/Lit': fallback shader 'Universal Render Pipeline/Particles/SimpleLit' not found
Refreshing native plugins compatible for Editor in 0.42 ms, found 0 plugins.
Preloading 0 native plugins for Editor in 0.00 ms.
Unloading 2360 Unused Serialized files (Serialized files now loaded: 0)
System memory in use before: 105.6 MB.
System memory in use after: 105.8 MB.

Unloading 8 unused Assets to reduce memory usage. Loaded Objects now: 2897.
Total: 4.298800 ms (FindLiveObjects: 0.488400 ms CreateObjectMapping: 0.191600 ms MarkObjects: 3.530100 ms  DeleteObjects: 0.087300 ms)

========================================================================
Received Import Request.
  Time since last request: 55.079769 seconds.
  path: Assets/Levels/Level1.prefab
  artifactKey: Guid(8b5912a353c9fd34c97c6b77c93fd659) Importer(815301076,1909f56bfc062723c751e8b465ee728b)
Start importing Assets/Levels/Level1.prefab using Guid(8b5912a353c9fd34c97c6b77c93fd659) Importer(815301076,1909f56bfc062723c751e8b465ee728b)  -> (artifact id: 'ef9ece4680d8235664628856b0672f5a') in 0.201119 seconds
  Import took 0.206379 seconds .

========================================================================
Received Import Request.
  Time since last request: 0.004711 seconds.
  path: Assets/Levels/Level1.prefab
  artifactKey: Guid(8b5912a353c9fd34c97c6b77c93fd659) Importer(815301076,1909f56bfc062723c751e8b465ee728b)
Start importing Assets/Levels/Level1.prefab using Guid(8b5912a353c9fd34c97c6b77c93fd659) Importer(815301076,1909f56bfc062723c751e8b465ee728b)  -> (artifact id: 'ef9ece4680d8235664628856b0672f5a') in 0.059404 seconds
  Import took 0.064812 seconds .

========================================================================
Received Prepare
Registering precompiled user dll's ...
Registered in 0.002739 seconds.
Begin MonoManager ReloadAssembly
Native extension for WindowsStandalone target not found
Refreshing native plugins compatible for Editor in 0.98 ms, found 0 plugins.
Preloading 0 native plugins for Editor in 0.00 ms.
Invoked RoslynAnalysisRunner static constructor.
RoslynAnalysisRunner will not be running.
RoslynAnalysisRunner has terminated.
Mono: successfully reloaded assembly
- Completed reload, in  0.920 seconds
Platform modules already initialized, skipping
Shader 'Universal Render Pipeline/Particles/Lit': fallback shader 'Universal Render Pipeline/Particles/SimpleLit' not found
Refreshing native plugins compatible for Editor in 0.43 ms, found 0 plugins.
Preloading 0 native plugins for Editor in 0.00 ms.
Unloading 2360 Unused Serialized files (Serialized files now loaded: 0)
System memory in use before: 108.7 MB.
System memory in use after: 108.9 MB.

Unloading 8 unused Assets to reduce memory usage. Loaded Objects now: 2910.
Total: 3.410600 ms (FindLiveObjects: 0.281400 ms CreateObjectMapping: 0.145700 ms MarkObjects: 2.903600 ms  DeleteObjects: 0.078400 ms)

========================================================================
Received Prepare
Registering precompiled user dll's ...
Registered in 0.002528 seconds.
Begin MonoManager ReloadAssembly
Native extension for WindowsStandalone target not found
Refreshing native plugins compatible for Editor in 0.41 ms, found 0 plugins.
Preloading 0 native plugins for Editor in 0.00 ms.
Invoked RoslynAnalysisRunner static constructor.
RoslynAnalysisRunner will not be running.
RoslynAnalysisRunner has terminated.
Mono: successfully reloaded assembly
- Completed reload, in  1.020 seconds
Platform modules already initialized, skipping
Shader 'Universal Render Pipeline/Particles/Lit': fallback shader 'Universal Render Pipeline/Particles/SimpleLit' not found
Refreshing native plugins compatible for Editor in 0.54 ms, found 0 plugins.
Preloading 0 native plugins for Editor in 0.00 ms.
Unloading 2360 Unused Serialized files (Serialized files now loaded: 0)
System memory in use before: 108.7 MB.
System memory in use after: 108.9 MB.

Unloading 8 unused Assets to reduce memory usage. Loaded Objects now: 2913.
Total: 3.596200 ms (FindLiveObjects: 0.522700 ms CreateObjectMapping: 0.234300 ms MarkObjects: 2.742800 ms  DeleteObjects: 0.094200 ms)

========================================================================
Received Prepare
Registering precompiled user dll's ...
Registered in 0.003856 seconds.
Begin MonoManager ReloadAssembly
Native extension for WindowsStandalone target not found
Refreshing native plugins compatible for Editor in 0.41 ms, found 0 plugins.
Preloading 0 native plugins for Editor in 0.00 ms.
Invoked RoslynAnalysisRunner static constructor.
RoslynAnalysisRunner will not be running.
RoslynAnalysisRunner has terminated.
Mono: successfully reloaded assembly
- Completed reload, in  0.887 seconds
Platform modules already initialized, skipping
Shader 'Universal Render Pipeline/Particles/Lit': fallback shader 'Universal Render Pipeline/Particles/SimpleLit' not found
Refreshing native plugins compatible for Editor in 0.42 ms, found 0 plugins.
Preloading 0 native plugins for Editor in 0.00 ms.
Unloading 2360 Unused Serialized files (Serialized files now loaded: 0)
System memory in use before: 108.7 MB.
System memory in use after: 108.9 MB.

Unloading 8 unused Assets to reduce memory usage. Loaded Objects now: 2916.
Total: 3.100500 ms (FindLiveObjects: 0.611700 ms CreateObjectMapping: 0.185100 ms MarkObjects: 2.232500 ms  DeleteObjects: 0.069600 ms)

========================================================================
Received Prepare
Registering precompiled user dll's ...
Registered in 0.003425 seconds.
Begin MonoManager ReloadAssembly
Native extension for WindowsStandalone target not found
Refreshing native plugins compatible for Editor in 0.42 ms, found 0 plugins.
Preloading 0 native plugins for Editor in 0.00 ms.
Invoked RoslynAnalysisRunner static constructor.
RoslynAnalysisRunner will not be running.
RoslynAnalysisRunner has terminated.
Mono: successfully reloaded assembly
- Completed reload, in  1.023 seconds
Platform modules already initialized, skipping
Shader 'Universal Render Pipeline/Particles/Lit': fallback shader 'Universal Render Pipeline/Particles/SimpleLit' not found
Refreshing native plugins compatible for Editor in 0.55 ms, found 0 plugins.
Preloading 0 native plugins for Editor in 0.00 ms.
Unloading 2360 Unused Serialized files (Serialized files now loaded: 0)
System memory in use before: 108.7 MB.
System memory in use after: 108.8 MB.

Unloading 8 unused Assets to reduce memory usage. Loaded Objects now: 2919.
Total: 2.760900 ms (FindLiveObjects: 0.475600 ms CreateObjectMapping: 0.145100 ms MarkObjects: 2.056500 ms  DeleteObjects: 0.082300 ms)

========================================================================
Received Prepare
Registering precompiled user dll's ...
Registered in 0.002609 seconds.
Begin MonoManager ReloadAssembly
Native extension for WindowsStandalone target not found
Refreshing native plugins compatible for Editor in 0.43 ms, found 0 plugins.
Preloading 0 native plugins for Editor in 0.00 ms.
Invoked RoslynAnalysisRunner static constructor.
RoslynAnalysisRunner will not be running.
RoslynAnalysisRunner has terminated.
Mono: successfully reloaded assembly
- Completed reload, in  1.154 seconds
Platform modules already initialized, skipping
Shader 'Universal Render Pipeline/Particles/Lit': fallback shader 'Universal Render Pipeline/Particles/SimpleLit' not found
Refreshing native plugins compatible for Editor in 0.71 ms, found 0 plugins.
Preloading 0 native plugins for Editor in 0.00 ms.
Unloading 2360 Unused Serialized files (Serialized files now loaded: 0)
System memory in use before: 108.8 MB.
System memory in use after: 108.9 MB.

Unloading 8 unused Assets to reduce memory usage. Loaded Objects now: 2922.
Total: 3.083700 ms (FindLiveObjects: 0.316500 ms CreateObjectMapping: 0.135300 ms MarkObjects: 2.515900 ms  DeleteObjects: 0.114800 ms)

========================================================================
Received Prepare
Registering precompiled user dll's ...
Registered in 0.003106 seconds.
Begin MonoManager ReloadAssembly
Native extension for WindowsStandalone target not found
Refreshing native plugins compatible for Editor in 0.41 ms, found 0 plugins.
Preloading 0 native plugins for Editor in 0.00 ms.
Invoked RoslynAnalysisRunner static constructor.
RoslynAnalysisRunner will not be running.
RoslynAnalysisRunner has terminated.
Mono: successfully reloaded assembly
- Completed reload, in  1.074 seconds
Platform modules already initialized, skipping
Shader 'Universal Render Pipeline/Particles/Lit': fallback shader 'Universal Render Pipeline/Particles/SimpleLit' not found
Refreshing native plugins compatible for Editor in 0.58 ms, found 0 plugins.
Preloading 0 native plugins for Editor in 0.00 ms.
Unloading 2360 Unused Serialized files (Serialized files now loaded: 0)
System memory in use before: 108.8 MB.
System memory in use after: 108.9 MB.

Unloading 8 unused Assets to reduce memory usage. Loaded Objects now: 2925.
Total: 3.090600 ms (FindLiveObjects: 0.303400 ms CreateObjectMapping: 0.185300 ms MarkObjects: 2.528000 ms  DeleteObjects: 0.072800 ms)

========================================================================
Received Prepare
Registering precompiled user dll's ...
Registered in 0.002400 seconds.
Begin MonoManager ReloadAssembly
Native extension for WindowsStandalone target not found
Refreshing native plugins compatible for Editor in 0.53 ms, found 0 plugins.
Preloading 0 native plugins for Editor in 0.00 ms.
Invoked RoslynAnalysisRunner static constructor.
RoslynAnalysisRunner will not be running.
RoslynAnalysisRunner has terminated.
Mono: successfully reloaded assembly
- Completed reload, in  1.077 seconds
Platform modules already initialized, skipping
Shader 'Universal Render Pipeline/Particles/Lit': fallback shader 'Universal Render Pipeline/Particles/SimpleLit' not found
Refreshing native plugins compatible for Editor in 0.61 ms, found 0 plugins.
Preloading 0 native plugins for Editor in 0.00 ms.
Unloading 2360 Unused Serialized files (Serialized files now loaded: 0)
System memory in use before: 108.8 MB.
System memory in use after: 109.0 MB.

Unloading 8 unused Assets to reduce memory usage. Loaded Objects now: 2928.
Total: 2.871300 ms (FindLiveObjects: 0.307300 ms CreateObjectMapping: 0.218300 ms MarkObjects: 2.283500 ms  DeleteObjects: 0.060900 ms)

========================================================================
Received Prepare
Registering precompiled user dll's ...
Registered in 0.005568 seconds.
Begin MonoManager ReloadAssembly
Native extension for WindowsStandalone target not found
Refreshing native plugins compatible for Editor in 0.41 ms, found 0 plugins.
Preloading 0 native plugins for Editor in 0.00 ms.
Invoked RoslynAnalysisRunner static constructor.
RoslynAnalysisRunner will not be running.
RoslynAnalysisRunner has terminated.
Mono: successfully reloaded assembly
- Completed reload, in  0.998 seconds
Platform modules already initialized, skipping
Shader 'Universal Render Pipeline/Particles/Lit': fallback shader 'Universal Render Pipeline/Particles/SimpleLit' not found
Refreshing native plugins compatible for Editor in 0.48 ms, found 0 plugins.
Preloading 0 native plugins for Editor in 0.00 ms.
Unloading 2360 Unused Serialized files (Serialized files now loaded: 0)
System memory in use before: 108.8 MB.
System memory in use after: 109.0 MB.

Unloading 8 unused Assets to reduce memory usage. Loaded Objects now: 2931.
Total: 2.977400 ms (FindLiveObjects: 0.615400 ms CreateObjectMapping: 0.260000 ms MarkObjects: 2.007500 ms  DeleteObjects: 0.091300 ms)

========================================================================
Received Prepare
Registering precompiled user dll's ...
Registered in 0.004697 seconds.
Begin MonoManager ReloadAssembly
Native extension for WindowsStandalone target not found
Refreshing native plugins compatible for Editor in 0.43 ms, found 0 plugins.
Preloading 0 native plugins for Editor in 0.00 ms.
Invoked RoslynAnalysisRunner static constructor.
RoslynAnalysisRunner will not be running.
RoslynAnalysisRunner has terminated.
Mono: successfully reloaded assembly
- Completed reload, in  1.063 seconds
Platform modules already initialized, skipping
Shader 'Universal Render Pipeline/Particles/Lit': fallback shader 'Universal Render Pipeline/Particles/SimpleLit' not found
Refreshing native plugins compatible for Editor in 0.47 ms, found 0 plugins.
Preloading 0 native plugins for Editor in 0.00 ms.
Unloading 2360 Unused Serialized files (Serialized files now loaded: 0)
System memory in use before: 108.7 MB.
System memory in use after: 108.9 MB.

Unloading 8 unused Assets to reduce memory usage. Loaded Objects now: 2934.
Total: 2.410300 ms (FindLiveObjects: 0.317200 ms CreateObjectMapping: 0.130300 ms MarkObjects: 1.835800 ms  DeleteObjects: 0.125800 ms)

========================================================================
Received Prepare
Registering precompiled user dll's ...
Registered in 0.002520 seconds.
Begin MonoManager ReloadAssembly
Native extension for WindowsStandalone target not found
Refreshing native plugins compatible for Editor in 0.40 ms, found 0 plugins.
Preloading 0 native plugins for Editor in 0.00 ms.
Invoked RoslynAnalysisRunner static constructor.
RoslynAnalysisRunner will not be running.
RoslynAnalysisRunner has terminated.
Mono: successfully reloaded assembly
- Completed reload, in  0.993 seconds
Platform modules already initialized, skipping
Shader 'Universal Render Pipeline/Particles/Lit': fallback shader 'Universal Render Pipeline/Particles/SimpleLit' not found
Refreshing native plugins compatible for Editor in 0.45 ms, found 0 plugins.
Preloading 0 native plugins for Editor in 0.00 ms.
Unloading 2360 Unused Serialized files (Serialized files now loaded: 0)
System memory in use before: 108.8 MB.
System memory in use after: 109.0 MB.

Unloading 8 unused Assets to reduce memory usage. Loaded Objects now: 2937.
Total: 3.089100 ms (FindLiveObjects: 0.518000 ms CreateObjectMapping: 0.234600 ms MarkObjects: 2.271500 ms  DeleteObjects: 0.063400 ms)

========================================================================
Received Prepare
Registering precompiled user dll's ...
Registered in 0.002504 seconds.
Begin MonoManager ReloadAssembly
Native extension for WindowsStandalone target not found
Refreshing native plugins compatible for Editor in 0.41 ms, found 0 plugins.
Preloading 0 native plugins for Editor in 0.00 ms.
Invoked RoslynAnalysisRunner static constructor.
RoslynAnalysisRunner will not be running.
RoslynAnalysisRunner has terminated.
Mono: successfully reloaded assembly
- Completed reload, in  0.986 seconds
Platform modules already initialized, skipping
Shader 'Universal Render Pipeline/Particles/Lit': fallback shader 'Universal Render Pipeline/Particles/SimpleLit' not found
Refreshing native plugins compatible for Editor in 0.68 ms, found 0 plugins.
Preloading 0 native plugins for Editor in 0.00 ms.
Unloading 2360 Unused Serialized files (Serialized files now loaded: 0)
System memory in use before: 108.8 MB.
System memory in use after: 109.0 MB.

Unloading 8 unused Assets to reduce memory usage. Loaded Objects now: 2940.
Total: 4.033900 ms (FindLiveObjects: 0.555700 ms CreateObjectMapping: 0.213400 ms MarkObjects: 3.134000 ms  DeleteObjects: 0.129300 ms)

========================================================================
Received Prepare
Registering precompiled user dll's ...
Registered in 0.002298 seconds.
Begin MonoManager ReloadAssembly
Native extension for WindowsStandalone target not found
Refreshing native plugins compatible for Editor in 0.40 ms, found 0 plugins.
Preloading 0 native plugins for Editor in 0.00 ms.
Invoked RoslynAnalysisRunner static constructor.
RoslynAnalysisRunner will not be running.
RoslynAnalysisRunner has terminated.
Mono: successfully reloaded assembly
- Completed reload, in  0.991 seconds
Platform modules already initialized, skipping
Shader 'Universal Render Pipeline/Particles/Lit': fallback shader 'Universal Render Pipeline/Particles/SimpleLit' not found
Refreshing native plugins compatible for Editor in 0.42 ms, found 0 plugins.
Preloading 0 native plugins for Editor in 0.00 ms.
Unloading 2360 Unused Serialized files (Serialized files now loaded: 0)
System memory in use before: 108.8 MB.
System memory in use after: 109.0 MB.

Unloading 8 unused Assets to reduce memory usage. Loaded Objects now: 2943.
Total: 2.525300 ms (FindLiveObjects: 0.284400 ms CreateObjectMapping: 0.149100 ms MarkObjects: 2.027600 ms  DeleteObjects: 0.063200 ms)

========================================================================
Received Prepare
Registering precompiled user dll's ...
Registered in 0.003610 seconds.
Begin MonoManager ReloadAssembly
Native extension for WindowsStandalone target not found
Refreshing native plugins compatible for Editor in 0.41 ms, found 0 plugins.
Preloading 0 native plugins for Editor in 0.00 ms.
Invoked RoslynAnalysisRunner static constructor.
RoslynAnalysisRunner will not be running.
RoslynAnalysisRunner has terminated.
Mono: successfully reloaded assembly
- Completed reload, in  0.970 seconds
Platform modules already initialized, skipping
Shader 'Universal Render Pipeline/Particles/Lit': fallback shader 'Universal Render Pipeline/Particles/SimpleLit' not found
Refreshing native plugins compatible for Editor in 0.55 ms, found 0 plugins.
Preloading 0 native plugins for Editor in 0.00 ms.
Unloading 2360 Unused Serialized files (Serialized files now loaded: 0)
System memory in use before: 108.8 MB.
System memory in use after: 109.0 MB.

Unloading 8 unused Assets to reduce memory usage. Loaded Objects now: 2946.
Total: 3.141200 ms (FindLiveObjects: 0.549700 ms CreateObjectMapping: 0.243000 ms MarkObjects: 2.229000 ms  DeleteObjects: 0.117100 ms)

========================================================================
Received Prepare
Registering precompiled user dll's ...
Registered in 0.003387 seconds.
Begin MonoManager ReloadAssembly
Native extension for WindowsStandalone target not found
Refreshing native plugins compatible for Editor in 0.91 ms, found 0 plugins.
Preloading 0 native plugins for Editor in 0.00 ms.
Invoked RoslynAnalysisRunner static constructor.
RoslynAnalysisRunner will not be running.
RoslynAnalysisRunner has terminated.
Mono: successfully reloaded assembly
- Completed reload, in  1.044 seconds
Platform modules already initialized, skipping
Shader 'Universal Render Pipeline/Particles/Lit': fallback shader 'Universal Render Pipeline/Particles/SimpleLit' not found
Refreshing native plugins compatible for Editor in 0.42 ms, found 0 plugins.
Preloading 0 native plugins for Editor in 0.00 ms.
Unloading 2360 Unused Serialized files (Serialized files now loaded: 0)
System memory in use before: 108.7 MB.
System memory in use after: 108.9 MB.

Unloading 8 unused Assets to reduce memory usage. Loaded Objects now: 2949.
Total: 2.743100 ms (FindLiveObjects: 0.245200 ms CreateObjectMapping: 0.120300 ms MarkObjects: 2.276400 ms  DeleteObjects: 0.100300 ms)

========================================================================
Received Prepare
Registering precompiled user dll's ...
Registered in 0.002630 seconds.
Begin MonoManager ReloadAssembly
Native extension for WindowsStandalone target not found
Refreshing native plugins compatible for Editor in 0.53 ms, found 0 plugins.
Preloading 0 native plugins for Editor in 0.00 ms.
Invoked RoslynAnalysisRunner static constructor.
RoslynAnalysisRunner will not be running.
RoslynAnalysisRunner has terminated.
Mono: successfully reloaded assembly
- Completed reload, in  1.050 seconds
Platform modules already initialized, skipping
Shader 'Universal Render Pipeline/Particles/Lit': fallback shader 'Universal Render Pipeline/Particles/SimpleLit' not found
Refreshing native plugins compatible for Editor in 0.84 ms, found 0 plugins.
Preloading 0 native plugins for Editor in 0.00 ms.
Unloading 2360 Unused Serialized files (Serialized files now loaded: 0)
System memory in use before: 108.8 MB.
System memory in use after: 109.0 MB.

Unloading 8 unused Assets to reduce memory usage. Loaded Objects now: 2952.
Total: 2.970200 ms (FindLiveObjects: 0.298000 ms CreateObjectMapping: 0.123800 ms MarkObjects: 2.433300 ms  DeleteObjects: 0.114000 ms)

========================================================================
Received Prepare
Registering precompiled user dll's ...
Registered in 0.002870 seconds.
Begin MonoManager ReloadAssembly
Native extension for WindowsStandalone target not found
Refreshing native plugins compatible for Editor in 0.41 ms, found 0 plugins.
Preloading 0 native plugins for Editor in 0.00 ms.
Invoked RoslynAnalysisRunner static constructor.
RoslynAnalysisRunner will not be running.
RoslynAnalysisRunner has terminated.
Mono: successfully reloaded assembly
- Completed reload, in  1.192 seconds
Platform modules already initialized, skipping
Shader 'Universal Render Pipeline/Particles/Lit': fallback shader 'Universal Render Pipeline/Particles/SimpleLit' not found
Refreshing native plugins compatible for Editor in 0.52 ms, found 0 plugins.
Preloading 0 native plugins for Editor in 0.00 ms.
Unloading 2360 Unused Serialized files (Serialized files now loaded: 0)
System memory in use before: 108.8 MB.
System memory in use after: 109.0 MB.

Unloading 8 unused Assets to reduce memory usage. Loaded Objects now: 2955.
Total: 3.741400 ms (FindLiveObjects: 0.491900 ms CreateObjectMapping: 0.249900 ms MarkObjects: 2.920400 ms  DeleteObjects: 0.077700 ms)

AssetImportWorkerClient::OnTransportError - code=2 error=End of file
